    Updating git-repo `https://github.com/bionanoimaging/PSFDistiller.jl`
    Updating registry at `~/.julia/registries/General.toml`
   Resolving package versions...
  No Changes to `/tmp/jl_bXwvg7/Project.toml`
  No Changes to `/tmp/jl_bXwvg7/Manifest.toml`
    Updating git-repo `https://github.com/hzarei4/InverseModeling.jl`
   Resolving package versions...
  No Changes to `/tmp/jl_bXwvg7/Project.toml`
  No Changes to `/tmp/jl_bXwvg7/Manifest.toml`
    Updating git-repo `https://github.com/HolyLab/CenterIndexedArrays.jl`
   Resolving package versions...
    Updating `/tmp/jl_bXwvg7/Project.toml`
  [46a7138f] + CenterIndexedArrays v0.2.2 `https://github.com/HolyLab/CenterIndexedArrays.jl#master`
    Updating `/tmp/jl_bXwvg7/Manifest.toml`
  [46a7138f] + CenterIndexedArrays v0.2.2 `https://github.com/HolyLab/CenterIndexedArrays.jl#master`
    Updating git-repo `https://github.com/HolyLab/RegisterCore.jl`
   Resolving package versions...
    Updating `/tmp/jl_bXwvg7/Project.toml`
  [67712758] + RegisterCore v0.2.4 `https://github.com/HolyLab/RegisterCore.jl#master`
    Updating `/tmp/jl_bXwvg7/Manifest.toml`
  [67712758] + RegisterCore v0.2.4 `https://github.com/HolyLab/RegisterCore.jl#master`
    Updating git-repo `https://github.com/HolyLab/RegisterUtilities.jl`
   Resolving package versions...
    Updating `/tmp/jl_bXwvg7/Project.toml`
  [d4862ba2] + RegisterUtilities v0.1.0 `https://github.com/HolyLab/RegisterUtilities.jl#master`
    Updating `/tmp/jl_bXwvg7/Manifest.toml`
  [d4862ba2] + RegisterUtilities v0.1.0 `https://github.com/HolyLab/RegisterUtilities.jl#master`
    Updating git-repo `https://github.com/HolyLab/RegisterDeformation.jl`
   Resolving package versions...
    Updating `/tmp/jl_bXwvg7/Project.toml`
  [c19381b7] + RegisterDeformation v0.4.5 `https://github.com/HolyLab/RegisterDeformation.jl#master`
    Updating `/tmp/jl_bXwvg7/Manifest.toml`
  [f67ccb44] + HDF5 v0.16.14
  [c19381b7] + RegisterDeformation v0.4.5 `https://github.com/HolyLab/RegisterDeformation.jl#master`
  [0234f1f7] + HDF5_jll v1.12.2+2
